= Host information =============================================================
$> hostname; uname -msr
e1r9p2.42.fr
Darwin 14.3.0 x86_64

$> date
Thu Apr 23 16:15:41 CEST 2015

$> gcc --version
Configured with: --prefix=/Applications/Xcode.app/Contents/Developer/usr --with-gxx-include-dir=/usr/include/c++/4.2.1
Apple LLVM version 6.1.0 (clang-602.0.49) (based on LLVM 3.6.0svn)
Target: x86_64-apple-darwin14.3.0
Thread model: posix

$> clang --version
Apple LLVM version 6.1.0 (clang-602.0.49) (based on LLVM 3.6.0svn)
Target: x86_64-apple-darwin14.3.0
Thread model: posix

= last_word ====================================================================
$> clang -Wextra -Wall -Werror last_word.c -o user_exe 

= Test 1 ===================================================
$> ./3h4in9lnasu72lul7tl181y7 
$> diff -U 3 user_output_test1 test1.output | cat -e

Diff OK :D
= Test 2 ===================================================
$> ./ouu0703t69f77t191l5zb53e "premier param" "deuxieme param"
$> diff -U 3 user_output_test2 test2.output | cat -e

Diff OK :D
= Test 3 ===================================================
$> ./wsr5bymys5vcpfne7y0w2hd3 "rien ne sert de courir il faut partir a point"
$> diff -U 3 user_output_test3 test3.output | cat -e

Diff OK :D
= Test 4 ===================================================
$> ./pipyj5sk3kw33q4hkmjrdp5z "  et le trim, c'est pour les andouilles en ski  "
$> diff -U 3 user_output_test4 test4.output | cat -e

Diff OK :D
= Test 5 ===================================================
$> ./2hr6hcqyzezkak1k1sm062bv "..."
$> diff -U 3 user_output_test5 test5.output | cat -e
--- user_output_test5	2015-04-23 16:15:41.000000000 +0200$
+++ test5.output	2015-04-23 16:15:41.000000000 +0200$
@@ -1 +1 @@$
-$
+...$

Diff KO :(
Grade: 0

= Final grade: 0 ===============================================================
