= Host information =============================================================
$> hostname; uname -msr
e3r7p18.42.fr
Darwin 14.3.0 x86_64

$> date
Thu Apr 23 16:20:41 CEST 2015

$> gcc --version
Configured with: --prefix=/Applications/Xcode.app/Contents/Developer/usr --with-gxx-include-dir=/usr/include/c++/4.2.1
Apple LLVM version 6.1.0 (clang-602.0.49) (based on LLVM 3.6.0svn)
Target: x86_64-apple-darwin14.3.0
Thread model: posix

$> clang --version
Apple LLVM version 6.1.0 (clang-602.0.49) (based on LLVM 3.6.0svn)
Target: x86_64-apple-darwin14.3.0
Thread model: posix

= aff_z ========================================================================
$> clang -Wextra -Wall -Werror aff_z.c -o user_exe 

= Test 1 ===================================================
$> ./estgsbugbmqw6ffg58fwe6nk test1.prm
$> diff -U 3 user_output_test1 test1.output | cat -e

Diff OK :D
= Test 2 ===================================================
$> ./rwjsfv5cdw9op083lhks3285 test2.prm
$> diff -U 3 user_output_test2 test2.output | cat -e

Diff OK :D
= Test 3 ===================================================
$> ./1iheye06ev994nfivol1cs4e test3.prm
$> diff -U 3 user_output_test3 test3.output | cat -e

Diff OK :D
= Test 4 ===================================================
$> ./rp73vvvb2a33avipgzb27qjj test4.prm
$> diff -U 3 user_output_test4 test4.output | cat -e

Diff OK :D
Grade: 1

= Final grade: 1 ===============================================================
