= Host information =============================================================
$> hostname; uname -msr
e1r12p20.42.fr
Darwin 14.3.0 x86_64

$> date
Thu Apr 23 19:27:25 CEST 2015

$> gcc --version
Configured with: --prefix=/Applications/Xcode.app/Contents/Developer/usr --with-gxx-include-dir=/usr/include/c++/4.2.1
Apple LLVM version 6.1.0 (clang-602.0.49) (based on LLVM 3.6.0svn)
Target: x86_64-apple-darwin14.3.0
Thread model: posix

$> clang --version
Apple LLVM version 6.1.0 (clang-602.0.49) (based on LLVM 3.6.0svn)
Target: x86_64-apple-darwin14.3.0
Thread model: posix

= count_island =================================================================
$> clang -Wextra -Wall -Werror count_island.c -o user_exe 

= Test 1 ===================================================
$> ./hx224bs70pvo3tmjbb3jfq0p test1.prm
$> diff -U 3 user_output_test1 test1.output | cat -e

Diff OK :D
= Test 2 ===================================================
$> ./wyf31ekm82dwrjy4hscjs2o7 test2.prm
$> diff -U 3 user_output_test2 test2.output | cat -e

Diff OK :D
= Test 3 ===================================================
$> ./o7c6yhwd91nt2tadzvz6tsdx test3.prm
$> diff -U 3 user_output_test3 test3.output | cat -e

Diff OK :D
= Test 4 ===================================================
$> ./02a0rq5fp5xwn49eu7ldwhyo test4.prm
$> diff -U 3 user_output_test4 test4.output | cat -e
--- user_output_test4	2015-04-23 19:27:25.000000000 +0200$
+++ test4.output	2015-04-23 19:27:25.000000000 +0200$
@@ -0,0 +1 @@$
+$

Diff KO :(
Grade: 0

= Final grade: 0 ===============================================================
